<?xml version="1.0" encoding="UTF-8"?>
<testng-results skipped="0" failed="0" total="1" passed="1">
  <reporter-output>
  </reporter-output>
  <suite name="Default suite" duration-ms="3929" started-at="2020-04-08T11:00:21Z" finished-at="2020-04-08T11:00:24Z">
    <groups>
    </groups>
    <test name="Default test" duration-ms="3929" started-at="2020-04-08T11:00:21Z" finished-at="2020-04-08T11:00:24Z">
      <class name="com.selenium.FrameworkUtil.AddressTest">
        <test-method status="PASS" signature="init()[pri:0, instance:com.selenium.FrameworkUtil.AddressTest@1b062a]" name="init" is-config="true" duration-ms="166" started-at="2020-04-08T16:30:21Z" finished-at="2020-04-08T16:30:21Z">
          <reporter-output>
          </reporter-output>
        </test-method> <!-- init -->
        <test-method status="PASS" signature="test()[pri:0, instance:com.selenium.FrameworkUtil.AddressTest@1b062a]" name="test" duration-ms="3736" started-at="2020-04-08T16:30:21Z" finished-at="2020-04-08T16:30:24Z">
          <reporter-output>
          </reporter-output>
        </test-method> <!-- test -->
      </class> <!-- com.selenium.FrameworkUtil.AddressTest -->
    </test> <!-- Default test -->
  </suite> <!-- Default suite -->
</testng-results>
